<?xml version="1.0" encoding="utf-8"?><testsuites name="pytest tests"><testsuite name="pytest" errors="0" failures="1" skipped="0" tests="22" time="70.599" timestamp="2026-05-19T06:03:49.644079+00:00" hostname="agent-env-d525c5f7-bd8b-4c6a-ae56-a777ef316c82"><testcase classname="tests.test_raxai_backend.TestAuth" name="test_seed_admin_idempotent" time="0.707" /><testcase classname="tests.test_raxai_backend.TestAuth" name="test_admin_login" time="0.274" /><testcase classname="tests.test_raxai_backend.TestAuth" name="test_register_new_user" time="0.275"><failure message="AssertionError: assert 'test_user_20...4@example.com' == 'TEST_user_20...4@example.com'&#10;  &#10;  - TEST_user_2079d764@example.com&#10;  ? ^^^^&#10;  + test_user_2079d764@example.com&#10;  ? ^^^^">tests/test_raxai_backend.py:70: in test_register_new_user
    assert user["email"] == email
E   AssertionError: assert 'test_user_20...4@example.com' == 'TEST_user_20...4@example.com'
E     
E     - TEST_user_2079d764@example.com
E     ? ^^^^
E     + test_user_2079d764@example.com
E     ? ^^^^</failure></testcase><testcase classname="tests.test_raxai_backend.TestAuth" name="test_register_duplicate_fails" time="0.045" /><testcase classname="tests.test_raxai_backend.TestAuth" name="test_login_wrong_password" time="0.268" /><testcase classname="tests.test_raxai_backend.TestAuth" name="test_guest_login" time="0.049" /><testcase classname="tests.test_raxai_backend.TestAuth" name="test_auth_me" time="0.047" /><testcase classname="tests.test_raxai_backend.TestAuth" name="test_auth_me_missing_token" time="0.045" /><testcase classname="tests.test_raxai_backend.TestChat" name="test_chat_send_creates_conversation_and_persists" time="2.019" /><testcase classname="tests.test_raxai_backend.TestChat" name="test_delete_conversation" time="5.165" /><testcase classname="tests.test_raxai_backend.TestImages" name="test_generate_image_realista" time="4.983" /><testcase classname="tests.test_raxai_backend.TestVoice" name="test_voices_list" time="0.047" /><testcase classname="tests.test_raxai_backend.TestVoice" name="test_tts" time="1.887" /><testcase classname="tests.test_raxai_backend.TestVoice" name="test_transcribe_short_wav" time="0.763" /><testcase classname="tests.test_raxai_backend.TestContent" name="test_content_generate[tiktok]" time="18.277" /><testcase classname="tests.test_raxai_backend.TestContent" name="test_content_generate[youtube]" time="17.386" /><testcase classname="tests.test_raxai_backend.TestContent" name="test_content_generate[viral_ideas]" time="16.041" /><testcase classname="tests.test_raxai_backend.TestAdmin" name="test_admin_users" time="0.056" /><testcase classname="tests.test_raxai_backend.TestAdmin" name="test_admin_stats" time="0.061" /><testcase classname="tests.test_raxai_backend.TestAdmin" name="test_admin_endpoints_forbidden_for_non_admin" time="0.092" /><testcase classname="tests.test_raxai_backend.TestAdmin" name="test_admin_update_plan_and_block" time="0.283" /><testcase classname="tests.test_raxai_backend.TestQuota" name="test_free_plan_limit_is_30" time="1.651" /></testsuite></testsuites>