<?xml version="1.0" encoding="utf-8"?><testsuites name="pytest tests"><testsuite name="pytest" errors="0" failures="0" skipped="0" tests="35" time="75.971" timestamp="2026-05-19T06:25:57.840310+00:00" hostname="agent-env-d525c5f7-bd8b-4c6a-ae56-a777ef316c82"><testcase classname="backend.tests.test_raxai_backend.TestAuth" name="test_seed_admin_idempotent" time="0.785" /><testcase classname="backend.tests.test_raxai_backend.TestAuth" name="test_admin_login" time="0.276" /><testcase classname="backend.tests.test_raxai_backend.TestAuth" name="test_register_new_user" time="0.273" /><testcase classname="backend.tests.test_raxai_backend.TestAuth" name="test_register_duplicate_fails" time="0.054" /><testcase classname="backend.tests.test_raxai_backend.TestAuth" name="test_login_wrong_password" time="0.278" /><testcase classname="backend.tests.test_raxai_backend.TestAuth" name="test_guest_login" time="0.049" /><testcase classname="backend.tests.test_raxai_backend.TestAuth" name="test_auth_me" time="0.051" /><testcase classname="backend.tests.test_raxai_backend.TestAuth" name="test_auth_me_missing_token" time="0.049" /><testcase classname="backend.tests.test_raxai_backend.TestChat" name="test_chat_send_creates_conversation_and_persists" time="2.790" /><testcase classname="backend.tests.test_raxai_backend.TestChat" name="test_delete_conversation" time="5.467" /><testcase classname="backend.tests.test_raxai_backend.TestImages" name="test_generate_image_realista" time="6.310" /><testcase classname="backend.tests.test_raxai_backend.TestVoice" name="test_voices_list" time="0.059" /><testcase classname="backend.tests.test_raxai_backend.TestVoice" name="test_tts" time="1.107" /><testcase classname="backend.tests.test_raxai_backend.TestVoice" name="test_transcribe_short_wav" time="0.615" /><testcase classname="backend.tests.test_raxai_backend.TestContent" name="test_content_generate[tiktok]" time="18.719" /><testcase classname="backend.tests.test_raxai_backend.TestContent" name="test_content_generate[youtube]" time="12.444" /><testcase classname="backend.tests.test_raxai_backend.TestContent" name="test_content_generate[viral_ideas]" time="20.525" /><testcase classname="backend.tests.test_raxai_backend.TestAdmin" name="test_admin_users" time="0.138" /><testcase classname="backend.tests.test_raxai_backend.TestAdmin" name="test_admin_stats" time="0.054" /><testcase classname="backend.tests.test_raxai_backend.TestAdmin" name="test_admin_endpoints_forbidden_for_non_admin" time="0.103" /><testcase classname="backend.tests.test_raxai_backend.TestAdmin" name="test_admin_update_plan_and_block" time="0.308" /><testcase classname="backend.tests.test_raxai_backend.TestQuota" name="test_free_plan_limit_is_30" time="2.232" /><testcase classname="backend.tests.test_raxai_backend.TestTheme" name="test_get_theme_public_no_auth" time="0.051" /><testcase classname="backend.tests.test_raxai_backend.TestTheme" name="test_admin_update_theme_persists" time="0.152" /><testcase classname="backend.tests.test_raxai_backend.TestTheme" name="test_non_admin_cannot_set_theme" time="0.048" /><testcase classname="backend.tests.test_raxai_backend.TestSubscriptions" name="test_admin_subscriptions_includes_revenue" time="0.152" /><testcase classname="backend.tests.test_raxai_backend.TestSubscriptions" name="test_non_admin_subscriptions_forbidden" time="0.059" /><testcase classname="backend.tests.test_raxai_backend.TestSupportTickets" name="test_user_create_ticket_and_get" time="0.161" /><testcase classname="backend.tests.test_raxai_backend.TestSupportTickets" name="test_user_reply_keeps_status_open" time="0.160" /><testcase classname="backend.tests.test_raxai_backend.TestSupportTickets" name="test_admin_reply_sets_answered_and_lists_all" time="0.311" /><testcase classname="backend.tests.test_raxai_backend.TestSupportTickets" name="test_other_user_cannot_access_ticket" time="0.379" /><testcase classname="backend.tests.test_raxai_backend.TestSupportTickets" name="test_non_admin_patch_status_forbidden" time="0.107" /><testcase classname="backend.tests.test_raxai_backend.TestOwnerAdminAllowlist" name="test_admin_login_returns_pro_and_name_rasc" time="0.272" /><testcase classname="backend.tests.test_raxai_backend.TestOwnerAdminAllowlist" name="test_new_registered_email_is_not_admin" time="0.274" /><testcase classname="backend.tests.test_raxai_backend.TestChatDate" name="test_chat_mentions_may_19_2026" time="1.035" /></testsuite></testsuites>